<?xml version="1.0" encoding="UTF-8"?>
<!-- Generated by org.testng.reporters.JUnitReportReporter -->
<testsuite skipped="0" hostname="DESKTOP-VLI5FT5" name="TestSuite.NewTest" tests="4" failures="0" timestamp="2020-11-08T20:13:30 IST" time="5.180" errors="0">
  <testcase name="Test1" time="0.453" classname="TestSuite.NewTest"/>
  <system-out/>
  <testcase name="Test2" time="2.685" classname="TestSuite.NewTest"/>
  <system-out/>
  <testcase name="Test3" time="1.921" classname="TestSuite.NewTest"/>
  <system-out/>
  <testcase name="Test4" time="0.121" classname="TestSuite.NewTest"/>
  <system-out/>
</testsuite> <!-- TestSuite.NewTest -->
